
*** Running vivado
    with args -log led_manip.vds -m64 -product Vivado -mode batch -messageDb vivado.pb -notrace -source led_manip.tcl



****** Vivado v2021.2 (64-bit)
  **** SW Build 3367213 on Tue Oct 19 02:48:09 MDT 2021
  **** IP Build 3369179 on Thu Oct 21 08:25:16 MDT 2021
    ** Copyright 1986-2021 Xilinx, Inc. All Rights Reserved.

source led_manip.tcl -notrace
Command: read_checkpoint -auto_incremental -incremental C:/Users/ecx/Documents/TP_SINT_JOST_COLLINEAU/TP_SINT/TP_SINT.srcs/utils_1/imports/synth_1/source_file.dcp
INFO: [Vivado 12-5825] Read reference checkpoint from C:/Users/ecx/Documents/TP_SINT_JOST_COLLINEAU/TP_SINT/TP_SINT.srcs/utils_1/imports/synth_1/source_file.dcp for incremental synthesis
INFO: [Vivado 12-7989] Please ensure there are no constraint changes
Command: synth_design -top led_manip -part xc7a35tcpg236-1
Starting synth_design
Attempting to get a license for feature 'Synthesis' and/or device 'xc7a35t'
INFO: [Common 17-349] Got license for feature 'Synthesis' and/or device 'xc7a35t'
INFO: [Device 21-403] Loading part xc7a35tcpg236-1
WARNING: [Designutils 20-4072] Reference run did not run incremental synthesis because the design is too small; reverting to default synthesis
INFO: [Designutils 20-4379] Flow is switching to default flow due to incremental criteria not met. If you would like to alter this behaviour and have the flow terminate instead, please set the following parameter config_implementation {autoIncr.Synth.RejectBehavior Terminate}
INFO: [Synth 8-7079] Multithreading enabled for synth_design using a maximum of 2 processes.
INFO: [Synth 8-7078] Launching helper process for spawning children vivado processes
INFO: [Synth 8-7075] Helper process launched with PID 8424
---------------------------------------------------------------------------------
Starting RTL Elaboration : Time (s): cpu = 00:00:04 ; elapsed = 00:00:05 . Memory (MB): peak = 1253.191 ; gain = 0.000
---------------------------------------------------------------------------------
INFO: [Synth 8-638] synthesizing module 'led_manip' [C:/Users/ecx/Documents/TP_SINT_JOST_COLLINEAU/TP_SINT/TP_SINT.srcs/sources_1/new/led_manip.vhd:23]
INFO: [Synth 8-638] synthesizing module 'CanLite' [C:/Users/ecx/Documents/TP_SINT_JOST_COLLINEAU/sources/CanLite.vhd:80]
	Parameter BAUD_RATE_PRESCALAR bound to: 10 - type: integer 
	Parameter SYNCHRONIZATION_JUMP_WIDTH bound to: 3 - type: integer 
	Parameter TIME_SEGMENT_1 bound to: 4 - type: integer 
	Parameter TIME_SEGMENT_2 bound to: 5 - type: integer 
	Parameter TRIPLE_SAMPLING bound to: 1 - type: bool 
	Parameter BAUD_RATE_PRESCALAR bound to: 10 - type: integer 
	Parameter SYNCHRONIZATION_JUMP_WIDTH bound to: 3 - type: integer 
	Parameter TIME_SEGMENT_1 bound to: 4 - type: integer 
	Parameter TIME_SEGMENT_2 bound to: 5 - type: integer 
	Parameter TRIPLE_SAMPLING bound to: 1 - type: bool 
INFO: [Synth 8-3491] module 'CanLiteBitTimingLogic' declared at 'C:/Users/ecx/Documents/TP_SINT_JOST_COLLINEAU/sources/CanLite.vhd:359' bound to instance 'BitTimingLogic' of component 'CanLiteBitTimingLogic' [C:/Users/ecx/Documents/TP_SINT_JOST_COLLINEAU/sources/CanLite.vhd:282]
INFO: [Synth 8-638] synthesizing module 'CanLiteBitTimingLogic' [C:/Users/ecx/Documents/TP_SINT_JOST_COLLINEAU/sources/CanLite.vhd:393]
	Parameter BAUD_RATE_PRESCALAR bound to: 10 - type: integer 
	Parameter SYNCHRONIZATION_JUMP_WIDTH bound to: 3 - type: integer 
	Parameter TIME_SEGMENT_1 bound to: 4 - type: integer 
	Parameter TIME_SEGMENT_2 bound to: 5 - type: integer 
	Parameter TRIPLE_SAMPLING bound to: 1 - type: bool 
INFO: [Synth 8-256] done synthesizing module 'CanLiteBitTimingLogic' (1#1) [C:/Users/ecx/Documents/TP_SINT_JOST_COLLINEAU/sources/CanLite.vhd:393]
INFO: [Synth 8-3491] module 'CanLiteBitStreamProcessor' declared at 'C:/Users/ecx/Documents/TP_SINT_JOST_COLLINEAU/sources/CanLite.vhd:735' bound to instance 'BitStreamProcessor' of component 'CanLiteBitStreamProcessor' [C:/Users/ecx/Documents/TP_SINT_JOST_COLLINEAU/sources/CanLite.vhd:314]
INFO: [Synth 8-638] synthesizing module 'CanLiteBitStreamProcessor' [C:/Users/ecx/Documents/TP_SINT_JOST_COLLINEAU/sources/CanLite.vhd:775]
INFO: [Synth 8-3491] module 'CanLiteCrc' declared at 'C:/Users/ecx/Documents/TP_SINT_JOST_COLLINEAU/sources/CanLite.vhd:691' bound to instance 'RxCrc' of component 'CanLiteCrc' [C:/Users/ecx/Documents/TP_SINT_JOST_COLLINEAU/sources/CanLite.vhd:1640]
INFO: [Synth 8-638] synthesizing module 'CanLiteCrc' [C:/Users/ecx/Documents/TP_SINT_JOST_COLLINEAU/sources/CanLite.vhd:701]
INFO: [Synth 8-256] done synthesizing module 'CanLiteCrc' (2#1) [C:/Users/ecx/Documents/TP_SINT_JOST_COLLINEAU/sources/CanLite.vhd:701]
WARNING: [Synth 8-6014] Unused sequential element arbitration_field_q_reg was removed.  [C:/Users/ecx/Documents/TP_SINT_JOST_COLLINEAU/sources/CanLite.vhd:2163]
WARNING: [Synth 8-6014] Unused sequential element arbitration_cnt_reg was removed.  [C:/Users/ecx/Documents/TP_SINT_JOST_COLLINEAU/sources/CanLite.vhd:2174]
INFO: [Synth 8-256] done synthesizing module 'CanLiteBitStreamProcessor' (3#1) [C:/Users/ecx/Documents/TP_SINT_JOST_COLLINEAU/sources/CanLite.vhd:775]
INFO: [Synth 8-256] done synthesizing module 'CanLite' (4#1) [C:/Users/ecx/Documents/TP_SINT_JOST_COLLINEAU/sources/CanLite.vhd:80]
INFO: [Synth 8-638] synthesizing module 'ws2812b_phy' [C:/Users/ecx/Documents/TP_SINT_JOST_COLLINEAU/TP_SINT/TP_SINT.srcs/sources_1/new/ws2812b_phy.vhd:42]
	Parameter f_clk bound to: 100000000 - type: integer 
INFO: [Synth 8-256] done synthesizing module 'ws2812b_phy' (5#1) [C:/Users/ecx/Documents/TP_SINT_JOST_COLLINEAU/TP_SINT/TP_SINT.srcs/sources_1/new/ws2812b_phy.vhd:42]
INFO: [Synth 8-638] synthesizing module 'ws2812b_gamma' [C:/Users/ecx/Documents/TP_SINT_JOST_COLLINEAU/TP_SINT/TP_SINT.srcs/sources_1/new/ws2812b_gamma.vhd:24]
INFO: [Synth 8-256] done synthesizing module 'ws2812b_gamma' (6#1) [C:/Users/ecx/Documents/TP_SINT_JOST_COLLINEAU/TP_SINT/TP_SINT.srcs/sources_1/new/ws2812b_gamma.vhd:24]
WARNING: [Synth 8-614] signal 'RxFrame' is read in the process but is not in the sensitivity list [C:/Users/ecx/Documents/TP_SINT_JOST_COLLINEAU/TP_SINT/TP_SINT.srcs/sources_1/new/led_manip.vhd:178]
WARNING: [Synth 8-6014] Unused sequential element color_transition_live_reg was removed.  [C:/Users/ecx/Documents/TP_SINT_JOST_COLLINEAU/TP_SINT/TP_SINT.srcs/sources_1/new/led_manip.vhd:270]
WARNING: [Synth 8-3848] Net Can_TX_pin in module/entity led_manip does not have driver. [C:/Users/ecx/Documents/TP_SINT_JOST_COLLINEAU/TP_SINT/TP_SINT.srcs/sources_1/new/led_manip.vhd:18]
WARNING: [Synth 8-3848] Net Reset_n in module/entity led_manip does not have driver. [C:/Users/ecx/Documents/TP_SINT_JOST_COLLINEAU/TP_SINT/TP_SINT.srcs/sources_1/new/led_manip.vhd:69]
WARNING: [Synth 8-3848] Net CanRx in module/entity led_manip does not have driver. [C:/Users/ecx/Documents/TP_SINT_JOST_COLLINEAU/TP_SINT/TP_SINT.srcs/sources_1/new/led_manip.vhd:78]
WARNING: [Synth 8-3848] Net RxFifoFull in module/entity led_manip does not have driver. [C:/Users/ecx/Documents/TP_SINT_JOST_COLLINEAU/TP_SINT/TP_SINT.srcs/sources_1/new/led_manip.vhd:72]
WARNING: [Synth 8-3848] Net TxFrame[Id] in module/entity led_manip does not have driver. [C:/Users/ecx/Documents/TP_SINT_JOST_COLLINEAU/TP_SINT/TP_SINT.srcs/sources_1/new/led_manip.vhd:73]
WARNING: [Synth 8-3848] Net TxFrame[Rtr] in module/entity led_manip does not have driver. [C:/Users/ecx/Documents/TP_SINT_JOST_COLLINEAU/TP_SINT/TP_SINT.srcs/sources_1/new/led_manip.vhd:73]
WARNING: [Synth 8-3848] Net TxFrame[Ide] in module/entity led_manip does not have driver. [C:/Users/ecx/Documents/TP_SINT_JOST_COLLINEAU/TP_SINT/TP_SINT.srcs/sources_1/new/led_manip.vhd:73]
WARNING: [Synth 8-3848] Net TxFrame[Dlc] in module/entity led_manip does not have driver. [C:/Users/ecx/Documents/TP_SINT_JOST_COLLINEAU/TP_SINT/TP_SINT.srcs/sources_1/new/led_manip.vhd:73]
WARNING: [Synth 8-3848] Net TxFrame[Data][7] in module/entity led_manip does not have driver. [C:/Users/ecx/Documents/TP_SINT_JOST_COLLINEAU/TP_SINT/TP_SINT.srcs/sources_1/new/led_manip.vhd:73]
WARNING: [Synth 8-3848] Net TxFrame[Data][6] in module/entity led_manip does not have driver. [C:/Users/ecx/Documents/TP_SINT_JOST_COLLINEAU/TP_SINT/TP_SINT.srcs/sources_1/new/led_manip.vhd:73]
WARNING: [Synth 8-3848] Net TxFrame[Data][5] in module/entity led_manip does not have driver. [C:/Users/ecx/Documents/TP_SINT_JOST_COLLINEAU/TP_SINT/TP_SINT.srcs/sources_1/new/led_manip.vhd:73]
WARNING: [Synth 8-3848] Net TxFrame[Data][4] in module/entity led_manip does not have driver. [C:/Users/ecx/Documents/TP_SINT_JOST_COLLINEAU/TP_SINT/TP_SINT.srcs/sources_1/new/led_manip.vhd:73]
WARNING: [Synth 8-3848] Net TxFrame[Data][3] in module/entity led_manip does not have driver. [C:/Users/ecx/Documents/TP_SINT_JOST_COLLINEAU/TP_SINT/TP_SINT.srcs/sources_1/new/led_manip.vhd:73]
WARNING: [Synth 8-3848] Net TxFrame[Data][2] in module/entity led_manip does not have driver. [C:/Users/ecx/Documents/TP_SINT_JOST_COLLINEAU/TP_SINT/TP_SINT.srcs/sources_1/new/led_manip.vhd:73]
WARNING: [Synth 8-3848] Net TxFrame[Data][1] in module/entity led_manip does not have driver. [C:/Users/ecx/Documents/TP_SINT_JOST_COLLINEAU/TP_SINT/TP_SINT.srcs/sources_1/new/led_manip.vhd:73]
WARNING: [Synth 8-3848] Net TxFrame[Data][0] in module/entity led_manip does not have driver. [C:/Users/ecx/Documents/TP_SINT_JOST_COLLINEAU/TP_SINT/TP_SINT.srcs/sources_1/new/led_manip.vhd:73]
WARNING: [Synth 8-3848] Net TxFifoEmpty in module/entity led_manip does not have driver. [C:/Users/ecx/Documents/TP_SINT_JOST_COLLINEAU/TP_SINT/TP_SINT.srcs/sources_1/new/led_manip.vhd:75]
INFO: [Synth 8-256] done synthesizing module 'led_manip' (7#1) [C:/Users/ecx/Documents/TP_SINT_JOST_COLLINEAU/TP_SINT/TP_SINT.srcs/sources_1/new/led_manip.vhd:23]
WARNING: [Synth 8-7129] Port Can_TX_pin in module led_manip is either unconnected or has no load
WARNING: [Synth 8-7129] Port btn_n in module led_manip is either unconnected or has no load
WARNING: [Synth 8-7129] Port Can_RX_pin in module led_manip is either unconnected or has no load
---------------------------------------------------------------------------------
Finished RTL Elaboration : Time (s): cpu = 00:00:06 ; elapsed = 00:00:06 . Memory (MB): peak = 1253.191 ; gain = 0.000
---------------------------------------------------------------------------------
---------------------------------------------------------------------------------
Start Handling Custom Attributes
---------------------------------------------------------------------------------
---------------------------------------------------------------------------------
Finished Handling Custom Attributes : Time (s): cpu = 00:00:06 ; elapsed = 00:00:07 . Memory (MB): peak = 1253.191 ; gain = 0.000
---------------------------------------------------------------------------------
---------------------------------------------------------------------------------
Finished RTL Optimization Phase 1 : Time (s): cpu = 00:00:06 ; elapsed = 00:00:07 . Memory (MB): peak = 1253.191 ; gain = 0.000
---------------------------------------------------------------------------------
Netlist sorting complete. Time (s): cpu = 00:00:00 ; elapsed = 00:00:00.020 . Memory (MB): peak = 1253.191 ; gain = 0.000
INFO: [Project 1-570] Preparing netlist for logic optimization

Processing XDC Constraints
Initializing timing engine
Parsing XDC File [C:/Users/ecx/Documents/TP_SINT_JOST_COLLINEAU/sources/basys3.xdc]
Finished Parsing XDC File [C:/Users/ecx/Documents/TP_SINT_JOST_COLLINEAU/sources/basys3.xdc]
INFO: [Project 1-236] Implementation specific constraints were found while reading constraint file [C:/Users/ecx/Documents/TP_SINT_JOST_COLLINEAU/sources/basys3.xdc]. These constraints will be ignored for synthesis but will be used in implementation. Impacted constraints are listed in the file [.Xil/led_manip_propImpl.xdc].
Resolution: To avoid this warning, move constraints listed in [.Xil/led_manip_propImpl.xdc] to another XDC file and exclude this new file from synthesis with the used_in_synthesis property (File Properties dialog in GUI) and re-run elaboration/synthesis.
Completed Processing XDC Constraints

Netlist sorting complete. Time (s): cpu = 00:00:00 ; elapsed = 00:00:00.001 . Memory (MB): peak = 1253.191 ; gain = 0.000
INFO: [Project 1-111] Unisim Transformation Summary:
No Unisim elements were transformed.

Constraint Validation Runtime : Time (s): cpu = 00:00:00 ; elapsed = 00:00:00.006 . Memory (MB): peak = 1253.191 ; gain = 0.000
WARNING: [Designutils 20-4072] Reference run did not run incremental synthesis because the design is too small; reverting to default synthesis
INFO: [Designutils 20-4379] Flow is switching to default flow due to incremental criteria not met. If you would like to alter this behaviour and have the flow terminate instead, please set the following parameter config_implementation {autoIncr.Synth.RejectBehavior Terminate}
---------------------------------------------------------------------------------
Finished Constraint Validation : Time (s): cpu = 00:00:13 ; elapsed = 00:00:14 . Memory (MB): peak = 1253.191 ; gain = 0.000
---------------------------------------------------------------------------------
---------------------------------------------------------------------------------
Start Loading Part and Timing Information
---------------------------------------------------------------------------------
Loading part: xc7a35tcpg236-1
---------------------------------------------------------------------------------
Finished Loading Part and Timing Information : Time (s): cpu = 00:00:13 ; elapsed = 00:00:14 . Memory (MB): peak = 1253.191 ; gain = 0.000
---------------------------------------------------------------------------------
---------------------------------------------------------------------------------
Start Applying 'set_property' XDC Constraints
---------------------------------------------------------------------------------
---------------------------------------------------------------------------------
Finished applying 'set_property' XDC Constraints : Time (s): cpu = 00:00:13 ; elapsed = 00:00:14 . Memory (MB): peak = 1253.191 ; gain = 0.000
---------------------------------------------------------------------------------
INFO: [Synth 8-802] inferred FSM for state register 'luminosite_start_reg' in module 'led_manip'
---------------------------------------------------------------------------------------------------
                   State |                     New Encoding |                Previous Encoding 
---------------------------------------------------------------------------------------------------
                     off |                           000001 |                              000
                     on1 |                           000010 |                              001
                     on2 |                           000100 |                              010
                     on3 |                           001000 |                              011
                     on4 |                           010000 |                              100
                     on5 |                           100000 |                              101
---------------------------------------------------------------------------------------------------
INFO: [Synth 8-3354] encoded FSM with state register 'luminosite_start_reg' using encoding 'one-hot' in module 'led_manip'
WARNING: [Synth 8-327] inferring latch for variable 'RxFifoWriteEnable_reg' [C:/Users/ecx/Documents/TP_SINT_JOST_COLLINEAU/TP_SINT/TP_SINT.srcs/sources_1/new/led_manip.vhd:96]
---------------------------------------------------------------------------------
Finished RTL Optimization Phase 2 : Time (s): cpu = 00:00:14 ; elapsed = 00:00:15 . Memory (MB): peak = 1253.191 ; gain = 0.000
---------------------------------------------------------------------------------
INFO: [Synth 8-223] decloning instance 'ws2812b_gamma_red_inst' (ws2812b_gamma) to 'ws2812b_gamma_green_inst'
INFO: [Synth 8-223] decloning instance 'ws2812b_gamma_red_inst' (ws2812b_gamma) to 'ws2812b_gamma_blue_inst'
---------------------------------------------------------------------------------
Start RTL Component Statistics 
---------------------------------------------------------------------------------
Detailed RTL Component Info : 
+---Adders : 
	   2 Input   26 Bit       Adders := 1     
	   2 Input   13 Bit       Adders := 1     
	   2 Input    9 Bit       Adders := 3     
	   2 Input    8 Bit       Adders := 2     
	   2 Input    7 Bit       Adders := 3     
	   2 Input    6 Bit       Adders := 3     
	   2 Input    5 Bit       Adders := 2     
	   2 Input    4 Bit       Adders := 5     
	   2 Input    3 Bit       Adders := 12    
+---XORs : 
	   2 Input     15 Bit         XORs := 1     
	   2 Input      1 Bit         XORs := 1     
+---Registers : 
	               29 Bit    Registers := 1     
	               26 Bit    Registers := 1     
	               24 Bit    Registers := 1     
	               15 Bit    Registers := 2     
	               13 Bit    Registers := 1     
	                9 Bit    Registers := 2     
	                8 Bit    Registers := 11    
	                7 Bit    Registers := 2     
	                6 Bit    Registers := 2     
	                5 Bit    Registers := 2     
	                4 Bit    Registers := 3     
	                3 Bit    Registers := 12    
	                2 Bit    Registers := 1     
	                1 Bit    Registers := 83    
+---Muxes : 
	   2 Input   26 Bit        Muxes := 1     
	   2 Input   24 Bit        Muxes := 5     
	   3 Input   24 Bit        Muxes := 2     
	   2 Input   15 Bit        Muxes := 2     
	   2 Input   13 Bit        Muxes := 4     
	   3 Input   13 Bit        Muxes := 1     
	   2 Input    9 Bit        Muxes := 5     
	   2 Input    8 Bit        Muxes := 1     
	   6 Input    8 Bit        Muxes := 1     
	   2 Input    7 Bit        Muxes := 3     
	   2 Input    6 Bit        Muxes := 3     
	   2 Input    5 Bit        Muxes := 2     
	   2 Input    4 Bit        Muxes := 4     
	   2 Input    3 Bit        Muxes := 17    
	   4 Input    2 Bit        Muxes := 1     
	   2 Input    2 Bit        Muxes := 2     
	   2 Input    1 Bit        Muxes := 113   
	   3 Input    1 Bit        Muxes := 2     
---------------------------------------------------------------------------------
Finished RTL Component Statistics 
---------------------------------------------------------------------------------
---------------------------------------------------------------------------------
Start Part Resource Summary
---------------------------------------------------------------------------------
Part Resources:
DSPs: 90 (col length:60)
BRAMs: 100 (col length: RAMB18 60 RAMB36 30)
---------------------------------------------------------------------------------
Finished Part Resource Summary
---------------------------------------------------------------------------------
---------------------------------------------------------------------------------
Start Cross Boundary and Area Optimization
---------------------------------------------------------------------------------
WARNING: [Synth 8-7080] Parallel synthesis criteria is not met
WARNING: [Synth 8-7129] Port Can_TX_pin in module led_manip is either unconnected or has no load
WARNING: [Synth 8-7129] Port btn_n in module led_manip is either unconnected or has no load
WARNING: [Synth 8-7129] Port Can_RX_pin in module led_manip is either unconnected or has no load
WARNING: [Synth 8-3332] Sequential element (RxFifoWriteEnable_reg) is unused and will be removed from module led_manip.
---------------------------------------------------------------------------------
Finished Cross Boundary and Area Optimization : Time (s): cpu = 00:00:17 ; elapsed = 00:00:18 . Memory (MB): peak = 1253.191 ; gain = 0.000
---------------------------------------------------------------------------------
---------------------------------------------------------------------------------
Start ROM, RAM, DSP, Shift Register and Retiming Reporting
---------------------------------------------------------------------------------

ROM: Preliminary Mapping Report
+--------------+---------------------------------------+---------------+----------------+
|Module Name   | RTL Object                            | Depth x Width | Implemented As | 
+--------------+---------------------------------------+---------------+----------------+
|ws2812b_gamma | gamma_table[0]                        | 256x8         | LUT            | 
|led_manip     | ws2812b_gamma_red_inst/gamma_table[0] | 256x8         | LUT            | 
+--------------+---------------------------------------+---------------+----------------+

---------------------------------------------------------------------------------
Finished ROM, RAM, DSP, Shift Register and Retiming Reporting
---------------------------------------------------------------------------------
---------------------------------------------------------------------------------
Start Applying XDC Timing Constraints
---------------------------------------------------------------------------------
---------------------------------------------------------------------------------
Finished Applying XDC Timing Constraints : Time (s): cpu = 00:00:22 ; elapsed = 00:00:23 . Memory (MB): peak = 1253.191 ; gain = 0.000
---------------------------------------------------------------------------------
---------------------------------------------------------------------------------
Start Timing Optimization
---------------------------------------------------------------------------------
---------------------------------------------------------------------------------
Finished Timing Optimization : Time (s): cpu = 00:00:22 ; elapsed = 00:00:23 . Memory (MB): peak = 1253.191 ; gain = 0.000
---------------------------------------------------------------------------------
---------------------------------------------------------------------------------
Start Technology Mapping
---------------------------------------------------------------------------------
---------------------------------------------------------------------------------
Finished Technology Mapping : Time (s): cpu = 00:00:23 ; elapsed = 00:00:23 . Memory (MB): peak = 1253.191 ; gain = 0.000
---------------------------------------------------------------------------------
---------------------------------------------------------------------------------
Start IO Insertion
---------------------------------------------------------------------------------
---------------------------------------------------------------------------------
Start Flattening Before IO Insertion
---------------------------------------------------------------------------------
---------------------------------------------------------------------------------
Finished Flattening Before IO Insertion
---------------------------------------------------------------------------------
---------------------------------------------------------------------------------
Start Final Netlist Cleanup
---------------------------------------------------------------------------------
---------------------------------------------------------------------------------
Finished Final Netlist Cleanup
---------------------------------------------------------------------------------
---------------------------------------------------------------------------------
Finished IO Insertion : Time (s): cpu = 00:00:27 ; elapsed = 00:00:28 . Memory (MB): peak = 1253.191 ; gain = 0.000
---------------------------------------------------------------------------------
---------------------------------------------------------------------------------
Start Renaming Generated Instances
---------------------------------------------------------------------------------
---------------------------------------------------------------------------------
Finished Renaming Generated Instances : Time (s): cpu = 00:00:27 ; elapsed = 00:00:28 . Memory (MB): peak = 1253.191 ; gain = 0.000
---------------------------------------------------------------------------------
---------------------------------------------------------------------------------
Start Rebuilding User Hierarchy
---------------------------------------------------------------------------------
---------------------------------------------------------------------------------
Finished Rebuilding User Hierarchy : Time (s): cpu = 00:00:27 ; elapsed = 00:00:28 . Memory (MB): peak = 1253.191 ; gain = 0.000
---------------------------------------------------------------------------------
---------------------------------------------------------------------------------
Start Renaming Generated Ports
---------------------------------------------------------------------------------
---------------------------------------------------------------------------------
Finished Renaming Generated Ports : Time (s): cpu = 00:00:27 ; elapsed = 00:00:28 . Memory (MB): peak = 1253.191 ; gain = 0.000
---------------------------------------------------------------------------------
---------------------------------------------------------------------------------
Start Handling Custom Attributes
---------------------------------------------------------------------------------
---------------------------------------------------------------------------------
Finished Handling Custom Attributes : Time (s): cpu = 00:00:27 ; elapsed = 00:00:28 . Memory (MB): peak = 1253.191 ; gain = 0.000
---------------------------------------------------------------------------------
---------------------------------------------------------------------------------
Start Renaming Generated Nets
---------------------------------------------------------------------------------
---------------------------------------------------------------------------------
Finished Renaming Generated Nets : Time (s): cpu = 00:00:27 ; elapsed = 00:00:28 . Memory (MB): peak = 1253.191 ; gain = 0.000
---------------------------------------------------------------------------------
---------------------------------------------------------------------------------
Start Writing Synthesis Report
---------------------------------------------------------------------------------

Report BlackBoxes: 
+-+--------------+----------+
| |BlackBox name |Instances |
+-+--------------+----------+
+-+--------------+----------+

Report Cell Usage: 
+------+-------+------+
|      |Cell   |Count |
+------+-------+------+
|1     |BUFG   |     1|
|2     |CARRY4 |    10|
|3     |LUT1   |    16|
|4     |LUT2   |     7|
|5     |LUT3   |    43|
|6     |LUT4   |    21|
|7     |LUT5   |    14|
|8     |LUT6   |    47|
|9     |MUXF7  |     9|
|10    |MUXF8  |     4|
|11    |FDCE   |    65|
|12    |FDPE   |     6|
|13    |FDRE   |    26|
|14    |IBUF   |     2|
|15    |OBUF   |     1|
|16    |OBUFT  |     1|
+------+-------+------+
---------------------------------------------------------------------------------
Finished Writing Synthesis Report : Time (s): cpu = 00:00:27 ; elapsed = 00:00:28 . Memory (MB): peak = 1253.191 ; gain = 0.000
---------------------------------------------------------------------------------
Synthesis finished with 0 errors, 0 critical warnings and 6 warnings.
Synthesis Optimization Runtime : Time (s): cpu = 00:00:19 ; elapsed = 00:00:26 . Memory (MB): peak = 1253.191 ; gain = 0.000
Synthesis Optimization Complete : Time (s): cpu = 00:00:27 ; elapsed = 00:00:28 . Memory (MB): peak = 1253.191 ; gain = 0.000
INFO: [Project 1-571] Translating synthesized netlist
Netlist sorting complete. Time (s): cpu = 00:00:00 ; elapsed = 00:00:00.004 . Memory (MB): peak = 1253.191 ; gain = 0.000
INFO: [Netlist 29-17] Analyzing 23 Unisim elements for replacement
INFO: [Netlist 29-28] Unisim Transformation completed in 0 CPU seconds
INFO: [Project 1-570] Preparing netlist for logic optimization
INFO: [Opt 31-138] Pushed 0 inverter(s) to 0 load pin(s).
Netlist sorting complete. Time (s): cpu = 00:00:00 ; elapsed = 00:00:00 . Memory (MB): peak = 1253.191 ; gain = 0.000
INFO: [Project 1-111] Unisim Transformation Summary:
No Unisim elements were transformed.

Synth Design complete, checksum: 622ec877
INFO: [Common 17-83] Releasing license: Synthesis
40 Infos, 32 Warnings, 0 Critical Warnings and 0 Errors encountered.
synth_design completed successfully
synth_design: Time (s): cpu = 00:00:31 ; elapsed = 00:00:32 . Memory (MB): peak = 1253.191 ; gain = 0.000
INFO: [Common 17-1381] The checkpoint 'C:/Users/ecx/Documents/TP_SINT_JOST_COLLINEAU/TP_SINT/TP_SINT.runs/synth_1/led_manip.dcp' has been generated.
INFO: [runtcl-4] Executing : report_utilization -file led_manip_utilization_synth.rpt -pb led_manip_utilization_synth.pb
INFO: [Common 17-206] Exiting Vivado at Mon May 30 11:31:54 2022...
